2015-06-19 21:11:56 INFO  :79 - this is a line inside the logger
2015-06-19 21:11:57 INFO  :143 - the gui is running...
2015-06-19 21:24:56 INFO  :46 - Progrem constructor invoked...
2015-06-19 21:24:57 INFO  :144 - Successfully built GUI
2015-06-19 21:24:57 INFO  :58 - Update thread started
2015-06-19 21:26:30 INFO  :46 - Progrem constructor invoked...
2015-06-19 21:26:31 INFO  :144 - Successfully built GUI
2015-06-19 21:26:31 INFO  :58 - Update thread started
2015-06-19 21:26:39 INFO  :60 - Table updated
2015-06-19 21:26:39 INFO  :58 - Update thread started
2015-06-19 21:26:47 INFO  :60 - Table updated
2015-06-19 21:26:47 INFO  :58 - Update thread started
2015-06-19 21:37:19 INFO  :46 - Progrem constructor invoked...
2015-06-19 21:38:15 INFO  :46 - Progrem constructor invoked...
2015-06-19 21:38:15 INFO  :57 - Opening stream to bank of israel
2015-06-19 21:38:16 INFO  :119 - Closing stream with bank of israel
2015-06-19 21:38:16 INFO  :144 - Successfully built GUI
2015-06-19 21:38:16 INFO  :58 - Update thread started
2015-06-19 21:39:42 INFO  :46 - Progrem starting
2015-06-19 21:39:42 INFO  :56 - Opening stream to bank of israel
2015-06-19 21:39:43 INFO  :118 - Closing stream with bank of israel
2015-06-19 21:39:43 INFO  :144 - Successfully built GUI
2015-06-19 21:39:43 INFO  :58 - Update thread started
2015-06-19 21:39:53 INFO  :60 - Table updated
2015-06-19 21:39:53 INFO  :58 - Update thread started
2015-06-19 21:40:03 INFO  :60 - Table updated
2015-06-19 21:40:03 INFO  :58 - Update thread started
2015-06-19 21:40:37 INFO  :46 - Progrem starting
2015-06-19 21:40:37 INFO  :56 - Opening stream to bank of israel
2015-06-19 21:40:38 INFO  :118 - Closing stream with bank of israel
2015-06-19 21:40:38 INFO  :144 - Successfully built GUI
2015-06-19 21:40:38 INFO  :58 - Next update in 10 minutes
2015-06-19 21:40:48 INFO  :60 - Table updated
2015-06-19 21:40:48 INFO  :58 - Next update in 10 minutes
2015-06-19 21:40:58 INFO  :60 - Table updated
2015-06-19 21:40:58 INFO  :58 - Next update in 10 minutes
2015-06-24 11:33:10 INFO  :46 - Progrem starting
2015-06-24 11:33:10 INFO  :56 - Opening stream to bank of israel
2015-06-24 11:33:11 INFO  :118 - Closing stream with bank of israel
2015-06-24 11:33:11 INFO  :144 - Successfully built GUI
2015-06-24 11:33:12 INFO  :67 - Next update in 10 minutes
2015-06-24 11:41:36 INFO  :46 - Progrem starting
2015-06-24 11:41:36 INFO  :56 - Opening stream to bank of israel
2015-06-24 11:41:36 INFO  :118 - Closing stream with bank of israel
2015-06-24 11:41:36 INFO  :144 - Successfully built GUI
2015-06-24 11:41:36 INFO  :67 - Next update in 10 minutes
2015-06-24 11:42:38 INFO  :46 - Progrem starting
2015-06-24 11:42:38 INFO  :56 - Opening stream to bank of israel
2015-06-24 11:42:39 INFO  :118 - Closing stream with bank of israel
2015-06-24 11:42:39 INFO  :144 - Successfully built GUI
2015-06-24 11:46:57 INFO  :46 - Progrem starting
2015-06-24 11:46:57 INFO  :56 - Opening stream to bank of israel
2015-06-24 11:46:57 INFO  :118 - Closing stream with bank of israel
2015-06-24 11:46:58 INFO  :145 - Successfully built GUI
2015-06-24 11:54:31 INFO  :46 - Progrem starting
2015-06-24 11:54:31 INFO  :56 - Opening stream to bank of israel
2015-06-24 11:54:31 INFO  :118 - Closing stream with bank of israel
2015-06-24 11:54:32 INFO  :144 - Successfully built GUI
2015-06-24 11:55:53 INFO  :46 - Progrem starting
2015-06-24 11:55:53 INFO  :56 - Opening stream to bank of israel
2015-06-24 11:55:53 INFO  :118 - Closing stream with bank of israel
2015-06-24 11:55:53 INFO  :144 - Successfully built GUI
2015-06-24 11:56:40 INFO  :46 - Progrem starting
2015-06-24 11:56:40 INFO  :56 - Opening stream to bank of israel
2015-06-24 11:56:41 INFO  :118 - Closing stream with bank of israel
2015-06-24 11:56:41 INFO  :144 - Successfully built GUI
2015-06-24 11:58:22 INFO  :46 - Progrem starting
2015-06-24 11:58:22 INFO  :56 - Opening stream to bank of israel
2015-06-24 11:58:22 INFO  :118 - Closing stream with bank of israel
2015-06-24 11:58:23 INFO  :144 - Successfully built GUI
2015-06-24 12:00:43 INFO  :46 - Progrem starting
2015-06-24 12:00:43 INFO  :56 - Opening stream to bank of israel
2015-06-24 12:00:44 INFO  :118 - Closing stream with bank of israel
2015-06-24 12:00:44 INFO  :145 - Successfully built GUI
2015-06-24 12:05:29 INFO  :46 - Progrem starting
2015-06-24 12:05:29 INFO  :56 - Opening stream to bank of israel
2015-06-24 12:05:29 INFO  :118 - Closing stream with bank of israel
2015-06-24 12:05:30 INFO  :145 - Successfully built GUI
2015-06-24 12:10:22 INFO  :46 - Progrem starting
2015-06-24 12:10:22 INFO  :56 - Opening stream to bank of israel
2015-06-24 12:10:23 INFO  :118 - Closing stream with bank of israel
2015-06-24 12:10:24 INFO  :144 - Successfully built GUI
2015-06-24 12:15:49 INFO  :46 - Progrem starting
2015-06-24 12:15:49 INFO  :56 - Opening stream to bank of israel
2015-06-24 12:15:50 INFO  :118 - Closing stream with bank of israel
2015-06-24 12:15:50 INFO  :145 - Successfully built GUI
2015-06-24 12:16:57 INFO  :46 - Progrem starting
2015-06-24 12:16:57 INFO  :56 - Opening stream to bank of israel
2015-06-24 12:16:57 INFO  :118 - Closing stream with bank of israel
2015-06-24 12:16:58 INFO  :145 - Successfully built GUI
2015-06-24 12:17:18 INFO  :46 - Progrem starting
2015-06-24 12:17:18 INFO  :56 - Opening stream to bank of israel
2015-06-24 12:17:18 INFO  :118 - Closing stream with bank of israel
2015-06-24 12:17:19 INFO  :145 - Successfully built GUI
2015-06-24 12:17:35 INFO  :46 - Progrem starting
2015-06-24 12:17:35 INFO  :56 - Opening stream to bank of israel
2015-06-24 12:17:36 INFO  :118 - Closing stream with bank of israel
2015-06-24 12:17:36 INFO  :145 - Successfully built GUI
2015-06-24 12:18:20 INFO  :46 - Progrem starting
2015-06-24 12:18:20 INFO  :56 - Opening stream to bank of israel
2015-06-24 12:18:20 INFO  :118 - Closing stream with bank of israel
2015-06-24 12:18:21 INFO  :145 - Successfully built GUI
2015-06-24 12:21:57 INFO  :46 - Progrem starting
2015-06-24 12:21:57 INFO  :56 - Opening stream to bank of israel
2015-06-24 12:21:57 INFO  :118 - Closing stream with bank of israel
2015-06-24 12:21:57 INFO  :146 - Successfully built GUI
2015-06-24 12:25:39 INFO  :46 - Progrem starting
2015-06-24 12:25:39 INFO  :56 - Opening stream to bank of israel
2015-06-24 12:25:40 INFO  :118 - Closing stream with bank of israel
2015-06-24 12:25:40 INFO  :147 - Successfully built GUI
2015-06-24 12:31:29 INFO  :47 - Progrem starting
2015-06-24 12:31:29 INFO  :56 - Opening stream to bank of israel
2015-06-24 12:31:29 INFO  :118 - Closing stream with bank of israel
2015-06-24 12:31:29 INFO  :154 - Successfully built GUI
2015-06-24 12:38:12 INFO  :47 - Progrem starting
2015-06-24 12:38:12 INFO  :56 - Opening stream to bank of israel
2015-06-24 12:38:12 INFO  :118 - Closing stream with bank of israel
2015-06-24 12:38:12 INFO  :159 - Successfully built GUI
2015-06-24 12:41:53 INFO  :47 - Progrem starting
2015-06-24 12:41:53 INFO  :56 - Opening stream to bank of israel
2015-06-24 12:41:53 INFO  :118 - Closing stream with bank of israel
2015-06-24 12:41:54 INFO  :159 - Successfully built GUI
2015-06-24 12:41:54 INFO  :67 - Next update in 10 minutes
2015-06-24 12:44:10 INFO  :47 - Progrem starting
2015-06-24 12:44:10 INFO  :56 - Opening stream to bank of israel
2015-06-24 12:44:10 INFO  :118 - Closing stream with bank of israel
2015-06-24 12:44:11 INFO  :159 - Successfully built GUI
2015-06-24 12:44:11 INFO  :67 - Next update in 10 minutes
2015-06-24 12:47:04 INFO  :47 - Progrem starting
2015-06-24 12:47:04 INFO  :56 - Opening stream to bank of israel
2015-06-24 12:47:04 INFO  :118 - Closing stream with bank of israel
2015-06-24 12:47:05 INFO  :159 - Successfully built GUI
2015-06-24 12:47:05 INFO  :67 - Next update in 10 minutes
2015-06-24 12:57:05 INFO  :69 - Table updated
2015-06-24 12:57:05 INFO  :67 - Next update in 10 minutes
2015-06-24 13:02:11 INFO  :47 - Progrem starting
2015-06-24 13:02:11 INFO  :56 - Opening stream to bank of israel
2015-06-24 13:02:13 INFO  :118 - Closing stream with bank of israel
2015-06-24 13:02:13 INFO  :162 - Successfully built GUI
2015-06-24 13:02:13 INFO  :67 - Next update in 10 minutes
2015-06-24 13:03:55 INFO  :47 - Progrem starting
2015-06-24 13:03:55 INFO  :56 - Opening stream to bank of israel
2015-06-24 13:03:55 INFO  :118 - Closing stream with bank of israel
2015-06-24 13:03:55 INFO  :162 - Successfully built GUI
2015-06-24 13:03:55 INFO  :67 - Next update in 10 minutes
2015-06-24 13:05:34 INFO  :48 - Progrem starting
2015-06-24 13:05:34 INFO  :56 - Opening stream to bank of israel
2015-06-24 13:05:34 INFO  :118 - Closing stream with bank of israel
2015-06-24 13:05:35 INFO  :164 - Successfully built GUI
2015-06-24 13:05:35 INFO  :67 - Next update in 10 minutes
2015-06-24 13:06:43 INFO  :48 - Progrem starting
2015-06-24 13:06:43 INFO  :56 - Opening stream to bank of israel
2015-06-24 13:06:44 INFO  :118 - Closing stream with bank of israel
2015-06-24 13:06:44 INFO  :164 - Successfully built GUI
2015-06-24 13:06:44 INFO  :67 - Next update in 10 minutes
2015-07-04 17:45:32 INFO  :47 - Progrem starting
2015-07-04 17:45:32 INFO  :56 - Opening stream to bank of israel
2015-07-04 17:45:32 INFO  :118 - Closing stream with bank of israel
2015-07-04 17:45:34 INFO  :162 - Successfully built GUI
2015-07-04 17:45:34 INFO  :67 - Next update in 10 minutes
2015-07-04 17:48:02 INFO  :47 - Progrem starting
2015-07-04 17:48:02 INFO  :56 - Opening stream to bank of israel
2015-07-04 17:48:02 INFO  :118 - Closing stream with bank of israel
2015-07-04 17:48:04 INFO  :162 - Successfully built GUI
2015-07-04 17:48:04 INFO  :67 - Next update in 10 minutes
2015-07-04 17:48:09 INFO  :69 - Table updated
2015-07-04 17:48:09 INFO  :67 - Next update in 10 minutes
2015-07-04 17:48:14 INFO  :69 - Table updated
2015-07-04 17:48:14 INFO  :67 - Next update in 10 minutes
2015-07-04 17:48:19 INFO  :69 - Table updated
2015-07-04 17:48:20 INFO  :67 - Next update in 10 minutes
2015-07-04 17:50:59 INFO  :47 - Program starting
2015-07-04 17:50:59 INFO  :56 - Opening stream to bank of israel
2015-07-04 17:50:59 INFO  :118 - Closing stream with bank of israel
2015-07-04 17:51:01 INFO  :162 - Successfully built GUI
2015-07-04 17:51:01 INFO  :67 - Next update in 10 minutes
2015-07-11 17:10:59 INFO  :47 - Program starting
2015-07-11 17:10:59 INFO  :56 - Opening stream to bank of israel
2015-07-11 17:11:00 INFO  :118 - Closing stream with bank of israel
2015-07-11 17:11:02 INFO  :162 - Successfully built GUI
2015-07-11 17:11:02 INFO  :67 - Next update in 10 minutes
2015-07-13 17:51:32 INFO  :47 - Program starting
2015-07-13 17:51:32 INFO  :60 - Opening stream to bank of israel
2015-07-13 17:51:32 INFO  :122 - Closing stream with bank of israel
2015-07-13 17:51:39 INFO  :162 - Successfully built GUI
2015-07-13 17:51:39 INFO  :67 - Next update in 10 minutes
2015-07-13 18:27:51 INFO  :47 - Program starting
2015-07-13 18:27:51 INFO  :56 - Opening stream to bank of israel
2015-07-13 18:27:52 INFO  :118 - Closing stream with bank of israel
2015-07-13 18:27:54 INFO  :162 - Successfully built GUI
2015-07-13 18:27:54 INFO  :67 - Next update in 10 minutes
2015-07-13 18:34:56 INFO  :47 - Program starting
2015-07-13 18:34:56 INFO  :56 - Opening stream to bank of israel
2015-07-13 18:34:56 INFO  :118 - Closing stream with bank of israel
2015-07-13 18:34:58 INFO  :162 - Successfully built GUI
2015-07-13 18:34:58 INFO  :67 - Next update in 10 minutes
2015-07-13 18:49:19 INFO  :51 - Program starting
2015-07-13 18:49:19 INFO  :56 - Opening stream to bank of israel
2015-07-13 18:49:19 INFO  :118 - Closing stream with bank of israel
2015-07-13 18:49:21 INFO  :169 - Successfully built GUI
2015-07-13 18:49:21 INFO  :67 - Next update in 10 minutes
2015-07-13 18:50:57 INFO  :51 - Program starting
2015-07-13 18:50:57 INFO  :56 - Opening stream to bank of israel
2015-07-13 18:50:57 INFO  :118 - Closing stream with bank of israel
2015-07-13 18:50:59 INFO  :168 - Successfully built GUI
2015-07-13 18:50:59 INFO  :67 - Next update in 10 minutes
2015-07-13 18:52:13 INFO  :51 - Program starting
2015-07-13 18:52:13 INFO  :56 - Opening stream to bank of israel
2015-07-13 18:52:13 INFO  :118 - Closing stream with bank of israel
2015-07-13 18:52:15 INFO  :168 - Successfully built GUI
2015-07-13 18:52:15 INFO  :67 - Next update in 10 minutes
2015-07-13 18:52:45 INFO  :51 - Program starting
2015-07-13 18:52:45 INFO  :56 - Opening stream to bank of israel
2015-07-13 18:52:45 INFO  :118 - Closing stream with bank of israel
2015-07-13 18:52:47 INFO  :168 - Successfully built GUI
2015-07-13 18:52:47 INFO  :67 - Next update in 10 minutes
2015-07-13 19:08:31 INFO  :51 - Program starting
2015-07-13 19:08:31 INFO  :60 - Opening stream to bank of israel
2015-07-13 19:08:32 INFO  :122 - Closing stream with bank of israel
2015-07-13 19:08:34 INFO  :168 - Successfully built GUI
2015-07-13 19:08:34 INFO  :187 - Next update in 10 minutes
2015-07-13 19:09:02 INFO  :51 - Program starting
2015-07-13 19:09:02 INFO  :60 - Opening stream to bank of israel
2015-07-13 19:09:02 INFO  :122 - Closing stream with bank of israel
2015-07-13 19:09:04 INFO  :168 - Successfully built GUI
2015-07-13 19:09:04 INFO  :187 - Next update in 10 minutes
2015-07-13 19:09:11 INFO  :189 - Table updated
2015-07-13 19:09:11 INFO  :187 - Next update in 10 minutes
2015-07-13 19:09:18 INFO  :189 - Table updated
2015-07-13 19:09:18 INFO  :187 - Next update in 10 minutes
2015-07-13 19:09:25 INFO  :189 - Table updated
2015-07-13 19:09:25 INFO  :187 - Next update in 10 minutes
2015-07-13 19:19:18 INFO  :51 - Program starting
2015-07-13 19:19:18 INFO  :60 - Opening stream to bank of israel
2015-07-13 19:19:18 INFO  :122 - Closing stream with bank of israel
2015-07-13 19:19:20 INFO  :168 - Successfully built GUI
2015-07-13 19:19:20 INFO  :187 - Next update in 10 minutes
2015-07-13 19:19:35 INFO  :189 - Table updated
2015-07-13 19:19:35 INFO  :187 - Next update in 10 minutes
2015-07-13 19:19:50 INFO  :189 - Table updated
2015-07-13 19:19:50 INFO  :187 - Next update in 10 minutes
2015-07-13 19:20:05 INFO  :189 - Table updated
2015-07-13 19:20:06 INFO  :187 - Next update in 10 minutes
2015-07-13 19:20:21 INFO  :189 - Table updated
2015-07-13 19:20:21 INFO  :187 - Next update in 10 minutes
2015-07-13 19:20:36 INFO  :189 - Table updated
2015-07-13 19:20:36 INFO  :187 - Next update in 10 minutes
2015-07-13 19:20:51 INFO  :189 - Table updated
2015-07-13 19:20:51 INFO  :187 - Next update in 10 minutes
2015-07-13 20:02:17 INFO  :51 - Program starting
2015-07-13 20:07:18 INFO  :51 - Program starting
2015-07-13 20:07:18 INFO  :49 - Opening stream to bank of israel
2015-07-13 20:07:19 INFO  :86 - Closing stream with bank of israel
2015-07-13 20:09:12 INFO  :51 - Program starting
2015-07-13 20:09:12 INFO  :51 - Opening stream to bank of israel
2015-07-13 20:09:13 INFO  :88 - Closing stream with bank of israel
2015-07-13 20:11:17 INFO  :51 - Program starting
2015-07-13 20:11:17 INFO  :51 - Opening stream to bank of israel
2015-07-13 20:11:17 INFO  :88 - Closing stream with bank of israel
2015-07-13 20:11:19 INFO  :168 - Successfully built GUI
2015-07-13 20:11:19 INFO  :128 - Next update in 10 minutes
2015-07-13 20:11:34 INFO  :130 - Table updated
2015-07-13 20:11:34 INFO  :128 - Next update in 10 minutes
2015-07-13 20:12:47 INFO  :51 - Program starting
2015-07-13 20:12:47 INFO  :50 - Opening stream to bank of israel
2015-07-13 20:12:48 INFO  :87 - Closing stream with bank of israel
2015-07-13 20:12:49 INFO  :168 - Successfully built GUI
2015-07-13 20:12:49 INFO  :127 - Next update in 10 minutes
2015-07-13 20:13:04 INFO  :129 - Table updated
2015-07-13 20:13:05 INFO  :127 - Next update in 10 minutes
2015-07-13 20:13:55 INFO  :51 - Program starting
2015-07-13 20:13:55 INFO  :50 - Opening stream to bank of israel
2015-07-13 20:13:55 INFO  :87 - Closing stream with bank of israel
2015-07-13 20:13:57 INFO  :168 - Successfully built GUI
2015-07-13 20:13:57 INFO  :127 - Next update in 10 minutes
2015-07-24 15:13:53 INFO  :51 - Program starting
2015-07-24 15:13:53 INFO  :50 - Opening stream to bank of israel
2015-07-24 15:13:54 INFO  :87 - Closing stream with bank of israel
2015-07-24 15:13:56 INFO  :168 - Successfully built GUI
2015-07-24 15:13:56 INFO  :124 - Next update in 10 minutes
2015-07-29 14:31:57 INFO  :51 - Program starting
2015-07-29 14:31:57 INFO  :50 - Opening stream to bank of israel
2015-07-29 14:32:01 INFO  :87 - Closing stream with bank of israel
2015-07-29 14:32:05 INFO  :168 - Successfully built GUI
2015-07-29 14:32:05 INFO  :124 - Next update in 10 minutes
2015-07-29 17:57:12 INFO  :55 - Program starting
2015-07-29 17:57:12 INFO  :50 - Opening stream to bank of israel
2015-07-29 17:57:15 INFO  :87 - Closing stream with bank of israel
2015-07-29 17:57:17 INFO  :180 - Successfully built GUI
2015-07-29 17:57:17 INFO  :124 - Next update in 10 minutes
2015-07-29 18:40:09 INFO  :51 - Program starting
2015-07-29 18:40:09 INFO  :62 - Opening stream to bank of israel
2015-07-29 18:40:12 INFO  :124 - Closing stream with bank of israel
2015-07-29 18:40:15 INFO  :166 - Successfully built GUI
2015-07-29 18:40:15 INFO  :189 - Next update in 10 minutes
2015-07-29 18:40:30 INFO  :191 - Table updated
2015-07-29 18:40:33 INFO  :189 - Next update in 10 minutes
2015-07-29 19:05:17 INFO  :51 - Program starting
2015-07-29 19:05:17 INFO  :62 - Opening stream to bank of israel
2015-07-29 19:05:19 INFO  :124 - Closing stream with bank of israel
2015-07-29 19:05:21 INFO  :166 - Successfully built GUI
2015-07-29 19:05:21 INFO  :189 - Next update in 10 minutes
2015-07-29 19:05:36 INFO  :191 - Table updated
2015-07-29 19:05:37 INFO  :189 - Next update in 10 minutes
2015-07-29 19:09:36 INFO  :51 - Program starting
2015-07-29 19:09:36 INFO  :62 - Opening stream to bank of israel
2015-07-29 19:09:39 INFO  :124 - Closing stream with bank of israel
2015-07-29 19:09:41 INFO  :166 - Successfully built GUI
2015-07-29 19:09:41 INFO  :189 - Next update in 10 minutes
2015-07-29 19:11:31 INFO  :51 - Program starting
2015-07-29 19:11:31 INFO  :62 - Opening stream to bank of israel
2015-07-29 19:11:34 INFO  :124 - Closing stream with bank of israel
2015-07-29 19:11:36 INFO  :166 - Successfully built GUI
2015-07-29 19:11:36 INFO  :189 - Next update in 10 minutes
2015-07-29 19:21:19 INFO  :51 - Program starting
2015-07-29 19:21:19 INFO  :62 - Opening stream to bank of israel
2015-07-29 19:21:20 INFO  :124 - Closing stream with bank of israel
2015-07-29 19:21:22 INFO  :166 - Successfully built GUI
2015-07-29 19:21:22 INFO  :189 - Next update in 10 minutes
2015-07-29 19:23:09 INFO  :51 - Program starting
2015-07-29 19:23:09 INFO  :62 - Opening stream to bank of israel
2015-07-29 19:23:13 INFO  :124 - Closing stream with bank of israel
2015-07-29 19:23:14 INFO  :166 - Successfully built GUI
2015-07-29 19:23:14 INFO  :189 - Next update in 10 minutes
2015-07-29 19:25:34 INFO  :55 - Program starting
2015-07-29 19:25:34 INFO  :50 - Opening stream to bank of israel
2015-07-29 19:25:36 INFO  :87 - Closing stream with bank of israel
2015-07-29 19:25:37 INFO  :180 - Successfully built GUI
2015-07-29 19:25:37 INFO  :124 - Next update in 10 minutes
2015-07-29 19:27:42 INFO  :55 - Program starting
2015-07-29 19:27:42 INFO  :50 - Opening stream to bank of israel
2015-07-29 19:27:45 INFO  :87 - Closing stream with bank of israel
2015-07-29 19:27:47 INFO  :180 - Successfully built GUI
2015-07-29 19:27:47 INFO  :124 - Next update in 10 minutes
2015-07-29 19:30:55 INFO  :51 - Program starting
2015-07-29 19:30:55 INFO  :62 - Opening stream to bank of israel
2015-07-29 19:30:58 INFO  :124 - Closing stream with bank of israel
2015-07-29 19:31:00 INFO  :166 - Successfully built GUI
2015-07-29 19:31:00 INFO  :189 - Next update in 10 minutes
2015-07-29 19:31:27 INFO  :55 - Program starting
2015-07-29 19:31:27 INFO  :50 - Opening stream to bank of israel
2015-07-29 19:31:30 INFO  :87 - Closing stream with bank of israel
2015-07-29 19:31:32 INFO  :180 - Successfully built GUI
2015-07-29 19:31:32 INFO  :124 - Next update in 10 minutes
2015-07-30 11:10:46 INFO  :55 - Program starting
2015-07-30 11:10:46 INFO  :50 - Opening stream to bank of israel
2015-07-30 11:10:46 INFO  :87 - Closing stream with bank of israel
2015-07-30 11:10:49 INFO  :180 - Successfully built GUI
2015-07-30 11:10:49 INFO  :124 - Next update in 10 minutes
2015-07-30 11:14:49 INFO  :55 - Program starting
2015-07-30 11:14:49 INFO  :50 - Opening stream to bank of israel
2015-07-30 11:14:49 INFO  :87 - Closing stream with bank of israel
2015-07-30 11:14:52 INFO  :180 - Successfully built GUI
2015-07-30 11:14:52 INFO  :124 - Next update in 10 minutes
2015-07-30 11:25:59 INFO  :126 - Table updated
2015-07-30 11:25:59 INFO  :158 - Update thread threw an exception
2015-07-30 11:25:59 INFO  :124 - Next update in 10 minutes
2015-07-30 13:36:02 INFO  :126 - Table updated
2015-07-30 13:37:58 INFO  :124 - Next update in 10 minutes
2015-07-30 13:47:58 INFO  :126 - Table updated
2015-07-30 13:47:58 INFO  :158 - Update thread threw an exception
2015-07-30 13:47:58 INFO  :124 - Next update in 10 minutes
2015-07-30 13:57:58 INFO  :126 - Table updated
2015-07-30 13:57:58 INFO  :158 - Update thread threw an exception
2015-07-30 13:57:58 INFO  :124 - Next update in 10 minutes
2015-07-30 14:07:58 INFO  :126 - Table updated
2015-07-30 14:07:58 INFO  :158 - Update thread threw an exception
2015-07-30 14:07:58 INFO  :124 - Next update in 10 minutes
2015-07-30 14:17:58 INFO  :126 - Table updated
2015-07-30 14:17:58 INFO  :158 - Update thread threw an exception
2015-07-30 14:17:58 INFO  :124 - Next update in 10 minutes
2015-07-30 14:27:58 INFO  :126 - Table updated
2015-07-30 14:27:58 INFO  :158 - Update thread threw an exception
2015-07-30 14:27:58 INFO  :124 - Next update in 10 minutes
2015-07-30 14:37:58 INFO  :126 - Table updated
2015-07-30 14:37:58 INFO  :158 - Update thread threw an exception
2015-07-30 14:37:58 INFO  :124 - Next update in 10 minutes
2015-07-30 17:34:59 INFO  :126 - Table updated
2015-07-30 17:34:59 INFO  :124 - Next update in 10 minutes
2015-07-31 11:23:12 INFO  :55 - Program starting
2015-07-31 11:23:12 INFO  :50 - Opening stream to bank of israel
2015-07-31 11:23:12 INFO  :87 - Closing stream with bank of israel
2015-07-31 11:23:14 INFO  :181 - Successfully built GUI
2015-07-31 11:23:14 INFO  :124 - Next update in 10 minutes
2015-07-31 11:25:52 INFO  :55 - Program starting
2015-07-31 11:25:52 INFO  :50 - Opening stream to bank of israel
2015-07-31 11:25:52 INFO  :87 - Closing stream with bank of israel
2015-07-31 11:25:54 INFO  :187 - Successfully built GUI
2015-07-31 11:25:54 INFO  :124 - Next update in 10 minutes
2015-07-31 11:27:38 INFO  :55 - Program starting
2015-07-31 11:27:38 INFO  :50 - Opening stream to bank of israel
2015-07-31 11:27:39 INFO  :87 - Closing stream with bank of israel
2015-07-31 11:27:41 INFO  :182 - Successfully built GUI
2015-07-31 11:27:41 INFO  :124 - Next update in 10 minutes
2015-07-31 11:35:46 INFO  :55 - Program starting
2015-07-31 11:35:46 INFO  :50 - Opening stream to bank of israel
2015-07-31 11:35:46 INFO  :87 - Closing stream with bank of israel
2015-07-31 11:35:48 INFO  :187 - Successfully built GUI
2015-07-31 11:35:48 INFO  :124 - Next update in 10 minutes
2015-07-31 11:37:47 INFO  :55 - Program starting
2015-07-31 11:37:47 INFO  :50 - Opening stream to bank of israel
2015-07-31 11:37:47 INFO  :87 - Closing stream with bank of israel
2015-07-31 11:37:49 INFO  :189 - Successfully built GUI
2015-07-31 11:37:49 INFO  :124 - Next update in 10 minutes
2015-07-31 11:42:50 INFO  :55 - Program starting
2015-07-31 11:42:50 INFO  :50 - Opening stream to bank of israel
2015-07-31 11:42:51 INFO  :87 - Closing stream with bank of israel
2015-07-31 11:42:52 INFO  :189 - Successfully built GUI
2015-07-31 11:42:52 INFO  :124 - Next update in 10 minutes
2015-07-31 11:49:41 INFO  :56 - Program starting
2015-07-31 11:49:41 INFO  :50 - Opening stream to bank of israel
2015-07-31 11:49:41 INFO  :87 - Closing stream with bank of israel
2015-07-31 11:49:43 INFO  :188 - Successfully built GUI
2015-07-31 11:49:43 INFO  :124 - Next update in 10 minutes
2015-07-31 11:51:04 INFO  :56 - Program starting
2015-07-31 11:51:04 INFO  :50 - Opening stream to bank of israel
2015-07-31 11:51:04 INFO  :87 - Closing stream with bank of israel
2015-07-31 11:51:06 INFO  :188 - Successfully built GUI
2015-07-31 11:51:06 INFO  :124 - Next update in 10 minutes
2015-07-31 11:57:14 INFO  :56 - Program starting
2015-07-31 11:57:14 INFO  :50 - Opening stream to bank of israel
2015-07-31 11:57:14 INFO  :87 - Closing stream with bank of israel
2015-07-31 11:57:16 INFO  :190 - Successfully built GUI
2015-07-31 11:57:16 INFO  :124 - Next update in 10 minutes
2015-07-31 11:57:23 INFO  :105 - Amount: 100.0From: NIS
2015-07-31 11:57:23 INFO  :105 - Amount: 100.0From: NIS
2015-07-31 11:57:35 INFO  :154 - To: USDResult: null
2015-07-31 11:57:35 INFO  :154 - To: USDResult: 26.448029621793175
2015-07-31 11:57:35 INFO  :154 - To: USDResult: 26.448029621793175
2015-07-31 11:57:35 INFO  :154 - To: USDResult: 26.448029621793175
2015-07-31 11:57:35 INFO  :154 - To: USDResult: 26.448029621793175
2015-07-31 11:57:35 INFO  :154 - To: USDResult: 26.448029621793175
2015-07-31 11:57:35 INFO  :154 - To: USDResult: 26.448029621793175
2015-07-31 11:57:35 INFO  :154 - To: USDResult: 26.448029621793175
2015-07-31 11:57:35 INFO  :154 - To: USDResult: 26.448029621793175
2015-07-31 11:57:35 INFO  :154 - To: USDResult: 26.448029621793175
2015-07-31 11:57:35 INFO  :154 - To: USDResult: 26.448029621793175
2015-07-31 11:57:35 INFO  :154 - To: USDResult: 26.448029621793175
2015-07-31 11:57:35 INFO  :154 - To: USDResult: 26.448029621793175
2015-07-31 11:57:35 INFO  :154 - To: USDResult: 26.448029621793175
2015-07-31 11:57:35 INFO  :154 - To: USDResult: 26.448029621793175
2015-07-31 11:57:35 INFO  :154 - To: USDResult: 26.448029621793175
2015-07-31 11:57:35 INFO  :154 - To: USDResult: 26.448029621793175
2015-07-31 11:57:35 INFO  :154 - To: USDResult: 26.448029621793175
2015-07-31 11:57:35 INFO  :154 - To: USDResult: 26.448029621793175
2015-07-31 11:57:35 INFO  :154 - To: USDResult: 26.448029621793175
2015-07-31 11:57:35 INFO  :154 - To: USDResult: 26.448029621793175
2015-07-31 11:57:35 INFO  :154 - To: USDResult: 26.448029621793175
2015-07-31 11:57:35 INFO  :154 - To: USDResult: 26.448029621793175
2015-07-31 11:57:35 INFO  :154 - To: USDResult: 26.448029621793175
2015-07-31 11:57:35 INFO  :154 - To: USDResult: 26.448029621793175
2015-07-31 11:57:35 INFO  :154 - To: USDResult: 26.448029621793175
2015-07-31 11:57:35 INFO  :154 - To: USDResult: 26.448029621793175
2015-07-31 11:57:35 INFO  :154 - To: USDResult: 26.448029621793175
2015-07-31 11:58:53 INFO  :56 - Program starting
2015-07-31 11:58:53 INFO  :50 - Opening stream to bank of israel
2015-07-31 11:58:54 INFO  :87 - Closing stream with bank of israel
2015-07-31 11:58:56 INFO  :191 - Successfully built GUI
2015-07-31 11:58:56 INFO  :124 - Next update in 10 minutes
2015-07-31 11:59:03 INFO  :105 - Amount: 100.0From: NIS
2015-07-31 11:59:03 INFO  :105 - Amount: 100.0From: NIS
2015-07-31 11:59:09 INFO  :156 - To: USDResult: 26.448029621793175
2015-07-31 11:59:09 INFO  :156 - To: USDResult: 26.448029621793175
2015-07-31 12:01:12 INFO  :56 - Program starting
2015-07-31 12:01:12 INFO  :50 - Opening stream to bank of israel
2015-07-31 12:01:12 INFO  :87 - Closing stream with bank of israel
2015-07-31 12:01:14 INFO  :191 - Successfully built GUI
2015-07-31 12:01:14 INFO  :124 - Next update in 10 minutes
2015-07-31 12:01:18 INFO  :105 - Amount: 100.0  From: NIS
2015-07-31 12:01:18 INFO  :105 - Amount: 100.0  From: NIS
2015-07-31 12:01:26 INFO  :156 - To: USD  Result: 26.448029621793175
2015-07-31 12:01:26 INFO  :156 - To: USD  Result: 26.448029621793175
2015-07-31 12:02:47 INFO  :56 - Program starting
2015-07-31 12:02:47 INFO  :50 - Opening stream to bank of israel
2015-07-31 12:02:47 INFO  :87 - Closing stream with bank of israel
2015-07-31 12:02:49 INFO  :191 - Successfully built GUI
2015-07-31 12:02:49 INFO  :124 - Next update in 10 minutes
2015-07-31 12:02:53 INFO  :105 - Amount: 100.0  From: NIS
2015-07-31 12:02:53 INFO  :105 - Amount: 100.0  From: NIS
2015-07-31 12:02:56 INFO  :156 - To: USD  Result: 26.448
2015-07-31 12:02:56 INFO  :156 - To: USD  Result: 26.448
2015-07-31 12:07:28 INFO  :57 - Program starting
2015-07-31 12:07:28 INFO  :50 - Opening stream to bank of israel
2015-07-31 12:07:28 INFO  :87 - Closing stream with bank of israel
2015-07-31 12:07:30 INFO  :192 - Successfully built GUI
2015-07-31 12:07:30 INFO  :124 - Next update in 10 minutes
2015-07-31 12:07:34 INFO  :106 - Amount: 752.0  From: USD
2015-07-31 12:07:34 INFO  :106 - Amount: 752.0  From: USD
2015-07-31 12:07:53 INFO  :57 - Program starting
2015-07-31 12:14:50 INFO  :57 - Program starting
2015-07-31 12:14:50 INFO  :50 - Opening stream to bank of israel
2015-07-31 12:14:50 INFO  :87 - Closing stream with bank of israel
2015-07-31 12:14:52 INFO  :192 - Successfully built GUI
2015-07-31 12:14:52 INFO  :124 - Next update in 10 minutes
2015-07-31 12:14:56 INFO  :106 - Amount: 100.0  From: USD
2015-07-31 12:14:56 INFO  :106 - Amount: 100.0  From: USD
2015-07-31 12:38:45 INFO  :51 - Program starting
2015-07-31 12:38:45 INFO  :62 - Opening stream to bank of israel
2015-07-31 12:38:45 INFO  :124 - Closing stream with bank of israel
2015-07-31 12:38:46 INFO  :166 - Successfully built GUI
2015-07-31 12:38:46 INFO  :189 - Next update in 10 minutes
2015-07-31 13:22:08 INFO  :56 - Program starting
2015-07-31 13:22:08 INFO  :54 - Opening stream to bank of israel
2015-07-31 13:22:08 INFO  :91 - Closing stream with bank of israel
2015-07-31 13:22:08 INFO  :191 - Successfully built GUI
2015-07-31 13:22:08 INFO  :128 - Next update in 10 minutes
2015-07-31 13:22:18 INFO  :105 - Amount: 100.0  From: NIS
2015-07-31 13:22:18 INFO  :105 - Amount: 100.0  From: NIS
2015-08-01 16:34:24 INFO  :57 - Program starting
2015-08-01 16:34:24 INFO  :54 - Opening stream to bank of israel
2015-08-01 16:34:25 INFO  :91 - Closing stream with bank of israel
2015-08-01 16:34:29 INFO  :192 - Successfully built GUI
2015-08-01 16:34:29 INFO  :128 - Next update in 10 minutes
2015-08-01 16:34:36 INFO  :106 - From: NIS  Amount: 100.0
2015-08-01 16:34:36 INFO  :106 - From: NIS  Amount: 100.0
2015-08-01 16:34:42 INFO  :157 - To: USD  Result: 26.434
2015-08-01 16:34:42 INFO  :157 - To: USD  Result: 26.434
2015-08-01 16:34:50 INFO  :157 - To: JPY  Result: 3,283.2097
2015-08-01 16:34:50 INFO  :157 - To: JPY  Result: 3,283.2097
2015-08-01 16:46:31 INFO  :51 - Program starting
2015-08-01 16:46:31 INFO  :62 - Opening stream to bank of israel
2015-08-01 16:46:32 INFO  :124 - Closing stream with bank of israel
2015-08-01 16:46:33 INFO  :166 - Successfully built GUI
2015-08-01 16:46:33 INFO  :189 - Next update in 10 minutes
2015-08-01 17:09:20 INFO  :51 - Program starting
2015-08-01 17:10:05 INFO  :51 - Program starting
2015-08-01 17:10:20 INFO  :51 - Program starting
2015-08-01 17:10:49 INFO  :51 - Program starting
2015-08-01 17:12:26 INFO  :51 - Program starting
2015-08-01 17:12:55 INFO  :51 - Program starting
2015-08-01 17:13:18 INFO  :51 - Program starting
2015-08-01 17:26:20 INFO  :57 - Program starting
2015-08-01 17:26:20 INFO  :53 - Opening stream to bank of israel
2015-08-01 17:26:21 INFO  :90 - Closing stream with bank of israel
2015-08-01 17:26:25 INFO  :196 - Successfully built GUI
2015-08-01 17:26:25 INFO  :130 - Next update in 10 minutes
2015-08-01 17:26:31 INFO  :108 - From: USD  Amount: 100.0
2015-08-01 17:26:31 INFO  :108 - From: USD  Amount: 100.0
2015-08-01 17:27:55 INFO  :57 - Program starting
2015-08-01 17:27:55 INFO  :53 - Opening stream to bank of israel
2015-08-01 17:27:56 INFO  :90 - Closing stream with bank of israel
2015-08-01 17:27:57 INFO  :196 - Successfully built GUI
2015-08-01 17:27:57 INFO  :130 - Next update in 10 minutes
2015-08-01 17:28:05 INFO  :108 - From: NIS  Amount: 100.0
2015-08-01 17:28:05 INFO  :108 - From: NIS  Amount: 100.0
2015-08-01 17:29:19 INFO  :57 - Program starting
2015-08-01 17:29:19 INFO  :53 - Opening stream to bank of israel
2015-08-01 17:29:19 INFO  :90 - Closing stream with bank of israel
2015-08-01 17:29:21 INFO  :196 - Successfully built GUI
2015-08-01 17:29:21 INFO  :130 - Next update in 10 minutes
2015-08-01 17:29:28 INFO  :108 - From: USD  Amount: 100.0
2015-08-01 17:29:28 INFO  :108 - From: USD  Amount: 100.0
2015-08-01 17:30:48 INFO  :57 - Program starting
2015-08-01 17:30:48 INFO  :53 - Opening stream to bank of israel
2015-08-01 17:30:48 INFO  :90 - Closing stream with bank of israel
2015-08-01 17:30:48 INFO  :196 - Successfully built GUI
2015-08-01 17:30:48 INFO  :130 - Next update in 10 minutes
2015-08-01 17:30:53 INFO  :108 - From: NIS  Amount: 100.0
2015-08-01 17:30:53 INFO  :108 - From: NIS  Amount: 100.0
2015-08-01 17:30:57 INFO  :159 - To: USD  Result: 26.434047052603756
2015-08-01 17:30:57 INFO  :159 - To: USD  Result: 26.434047052603756
2015-08-01 17:31:05 INFO  :159 - To: GBP  Result: 16.977352212148993
2015-08-01 17:31:05 INFO  :159 - To: GBP  Result: 16.977352212148993
2015-08-01 17:31:48 INFO  :57 - Program starting
2015-08-01 17:31:48 INFO  :53 - Opening stream to bank of israel
2015-08-01 17:31:48 INFO  :90 - Closing stream with bank of israel
2015-08-01 17:31:48 INFO  :196 - Successfully built GUI
2015-08-01 17:31:48 INFO  :130 - Next update in 10 minutes
2015-08-01 17:31:52 INFO  :108 - From: USD  Amount: 100.0
2015-08-01 17:31:52 INFO  :108 - From: USD  Amount: 100.0
2015-08-01 17:33:27 INFO  :57 - Program starting
2015-08-01 17:33:27 INFO  :53 - Opening stream to bank of israel
2015-08-01 17:33:28 INFO  :90 - Closing stream with bank of israel
2015-08-01 17:33:28 INFO  :196 - Successfully built GUI
2015-08-01 17:33:28 INFO  :130 - Next update in 10 minutes
2015-08-01 17:33:32 INFO  :108 - From: USD  Amount: 1000.0
2015-08-01 17:33:32 INFO  :108 - From: USD  Amount: 1000.0
2015-08-01 17:38:29 INFO  :57 - Program starting
2015-08-01 17:38:29 INFO  :53 - Opening stream to bank of israel
2015-08-01 17:38:30 INFO  :90 - Closing stream with bank of israel
2015-08-01 17:38:30 INFO  :194 - Successfully built GUI
2015-08-01 17:38:30 INFO  :130 - Next update in 10 minutes
2015-08-01 17:38:33 INFO  :106 - From: NIS  Amount: 234.0
2015-08-01 17:38:33 INFO  :106 - From: NIS  Amount: 234.0
2015-08-01 17:38:34 INFO  :157 - To: USD  Result: 61.8557
2015-08-01 17:38:34 INFO  :157 - To: USD  Result: 61.8557
2015-08-01 17:38:46 INFO  :157 - To: Select Currency  Result: 61.8557
2015-08-01 17:38:46 INFO  :157 - To: Select Currency  Result: 61.8557
2015-08-01 17:38:46 INFO  :106 - From: USD  Amount: 100.0
2015-08-01 17:38:46 INFO  :106 - From: USD  Amount: 100.0
2015-08-01 17:38:49 INFO  :157 - To: NIS  Result: 61.8557
2015-08-01 17:38:49 INFO  :157 - To: NIS  Result: 61.8557
2015-08-01 17:40:14 INFO  :57 - Program starting
2015-08-01 17:40:14 INFO  :53 - Opening stream to bank of israel
2015-08-01 17:40:15 INFO  :90 - Closing stream with bank of israel
2015-08-01 17:40:15 INFO  :196 - Successfully built GUI
2015-08-01 17:40:15 INFO  :130 - Next update in 10 minutes
2015-08-01 17:40:19 INFO  :106 - From: NIS  Amount: 100.0
2015-08-01 17:40:19 INFO  :106 - From: NIS  Amount: 100.0
2015-08-01 17:40:22 INFO  :159 - To: USD  Result: 26.434
2015-08-01 17:40:22 INFO  :159 - To: USD  Result: 26.434
2015-08-01 17:40:28 INFO  :159 - To: GBP  Result: 16.9774
2015-08-01 17:40:28 INFO  :159 - To: GBP  Result: 16.9774
2015-08-01 17:40:32 INFO  :159 - To: JPY  Result: 3,283.2097
2015-08-01 17:40:32 INFO  :159 - To: JPY  Result: 3,283.2097
2015-08-01 17:40:34 INFO  :159 - To: NIS  Result: 100
2015-08-01 17:40:34 INFO  :159 - To: NIS  Result: 100
2015-08-01 17:40:35 INFO  :159 - To: USD  Result: 26.434
2015-08-01 17:40:35 INFO  :159 - To: USD  Result: 26.434
2015-08-01 17:40:37 INFO  :159 - To: GBP  Result: 16.9774
2015-08-01 17:40:37 INFO  :159 - To: GBP  Result: 16.9774
2015-08-01 17:40:39 INFO  :159 - To: AUD  Result: 36.3003
2015-08-01 17:40:39 INFO  :159 - To: AUD  Result: 36.3003
2015-08-01 17:40:56 INFO  :159 - To: Select Currency  Result: 36.3003
2015-08-01 17:40:56 INFO  :159 - To: Select Currency  Result: 36.3003
2015-08-01 17:40:56 INFO  :106 - From: USD  Amount: 100.0
2015-08-01 17:40:56 INFO  :106 - From: USD  Amount: 100.0
2015-08-01 17:41:00 INFO  :159 - To: NIS  Result: 378.3
2015-08-01 17:41:00 INFO  :159 - To: NIS  Result: 378.3
2015-08-01 17:41:06 INFO  :159 - To: Select Currency  Result: 378.3
2015-08-01 17:41:06 INFO  :159 - To: Select Currency  Result: 378.3
2015-08-01 17:41:06 INFO  :106 - From: GBP  Amount: 100.0
2015-08-01 17:41:06 INFO  :106 - From: GBP  Amount: 100.0
2015-08-01 17:41:07 INFO  :159 - To: USD  Result: 155.7018
2015-08-01 17:41:07 INFO  :159 - To: USD  Result: 155.7018
2015-08-01 17:41:11 INFO  :159 - To: NIS  Result: 589.02
2015-08-01 17:41:11 INFO  :159 - To: NIS  Result: 589.02
2015-08-01 18:19:03 INFO  :57 - Program starting
2015-08-01 18:19:03 INFO  :55 - Opening stream to bank of israel
2015-08-01 18:19:04 INFO  :92 - Closing stream with bank of israel
2015-08-01 18:19:05 INFO  :196 - Successfully built GUI
2015-08-01 18:19:05 INFO  :131 - Next update in 10 minutes
2015-08-01 18:19:13 INFO  :106 - From: USD  Amount: 100.0
2015-08-01 18:19:13 INFO  :106 - From: USD  Amount: 100.0
2015-08-01 18:19:16 INFO  :159 - To: NIS  Result: 378.3
2015-08-01 18:19:16 INFO  :159 - To: NIS  Result: 378.3
2015-08-01 18:19:19 INFO  :159 - To: USD  Result: 100
2015-08-01 18:19:19 INFO  :159 - To: USD  Result: 100
2015-08-01 18:19:22 INFO  :159 - To: GBP  Result: 64.2253
2015-08-01 18:19:22 INFO  :159 - To: GBP  Result: 64.2253
2015-08-01 18:19:25 INFO  :159 - To: JPY  Result: 12,420.3822
2015-08-01 18:19:25 INFO  :159 - To: JPY  Result: 12,420.3822
2015-08-01 18:20:12 INFO  :159 - To: Select Currency  Result: 12,420.3822
2015-08-01 18:20:12 INFO  :159 - To: Select Currency  Result: 12,420.3822
2015-08-01 18:20:12 INFO  :106 - From: NIS  Amount: 100.0
2015-08-01 18:20:12 INFO  :106 - From: NIS  Amount: 100.0
2015-08-01 18:20:14 INFO  :159 - To: JPY  Result: 3,283.2097
2015-08-01 18:20:14 INFO  :159 - To: JPY  Result: 3,283.2097
2015-08-01 18:20:28 INFO  :159 - To: Select Currency  Result: 3,283.2097
2015-08-01 18:20:28 INFO  :159 - To: Select Currency  Result: 3,283.2097
2015-08-01 18:20:28 INFO  :106 - From: USD  Amount: 100.0
2015-08-01 18:20:28 INFO  :106 - From: USD  Amount: 100.0
2015-08-01 18:20:32 INFO  :159 - To: LBP  Result: 150,717.1315
2015-08-01 18:20:32 INFO  :159 - To: LBP  Result: 150,717.1315
2015-08-01 18:20:43 INFO  :159 - To: Select Currency  Result: 150,717.1315
2015-08-01 18:20:43 INFO  :159 - To: Select Currency  Result: 150,717.1315
2015-08-01 18:20:43 INFO  :106 - From: NIS  Amount: 100.0
2015-08-01 18:20:43 INFO  :106 - From: NIS  Amount: 100.0
2015-08-01 18:20:45 INFO  :159 - To: LBP  Result: 39,840.6375
2015-08-01 18:20:45 INFO  :159 - To: LBP  Result: 39,840.6375
2015-10-15 19:23:50 INFO  :51 - Program starting
2015-10-15 19:23:50 INFO  :62 - Opening stream to bank of israel
2015-10-15 19:23:50 INFO  :124 - Closing stream with bank of israel
2015-10-15 19:23:55 INFO  :166 - Successfully built GUI
2015-10-15 19:23:55 INFO  :189 - Next update in 10 minutes
